kana
pana
tana
kina
pina
tina
kuna
puna
tuna
kena
pena
tena
kara
para
tara
kira
pira
tira
kura
pura
tura
kera
pera
tera
kata
pata
tata
kita
pita
tita
kuta
puta
tuta
keta
peta
teta
kala
pala
tala
kila
pila
tila
kula
pula
tula
kela
pela
tela
kama
pama
tama
kima
pima
tima
kuma
puma
tuma
kema
pema
tema
kawa
pawa
tawa
kiwa
piwa
tiwa
kuwa
puwa
tuwa
kewa
pewa
tewa
kapa
papa
tapa
kipa
pipa
tipa
kupa
pupa
tupa
kepa
pepa
tepa
kaka
paka
taka
kika
pika
tika
kuka
puka
tuka
keka
peka
teka
kasa
pasa
tasa
kisa
pisa
tisa
kusa
pusa
tusa
kesa
pesa
tesa
kafa
pafa
tafa
kifa
pifa
tifa
kufa
pufa
tufa
kefa
pefa
tefa
katha
patha
tatha
kitha
pitha
titha
kutha
putha
tutha
ketha
petha
tetha
kasha
pasha
tasha
kisha
pisha
tisha
kusha
pusha
tusha
kesha
pesha
tesha
