kana
pana
tana
sana
shana
fana
lana
wana
rana
nana
mana
kina
pina
tina
sina
shina
fina
lina
wina
rina
nina
mina
kuna
puna
tuna
suna
shuna
funa
luna
wuna
runa
nuna
muna
kena
pena
tena
sena
shena
fena
lena
wena
rena
nena
mena
kara
para
tara
sara
shara
fara
lara
wara
rara
nara
mara
kira
pira
tira
sira
shira
fira
lira
wira
rira
nira
mira
kura
pura
tura
sura
shura
fura
lura
wura
rura
nura
mura
kera
pera
tera
sera
shera
fera
lera
wera
rera
nera
mera
kata
pata
tata
sata
shata
fata
lata
wata
rata
nata
mata
kita
pita
tita
sita
shita
fita
lita
wita
rita
nita
mita
kuta
puta
tuta
suta
shuta
futa
luta
wuta
ruta
nuta
muta
keta
peta
teta
seta
sheta
feta
leta
weta
reta
neta
meta
kala
pala
tala
sala
shala
fala
lala
wala
rala
nala
mala
kila
pila
tila
sila
shila
fila
lila
wila
rila
nila
mila
kula
pula
tula
sula
shula
fula
lula
wula
rula
nula
mula
kela
pela
tela
sela
shela
fela
lela
wela
rela
nela
mela
kama
pama
tama
sama
shama
fama
lama
wama
rama
nama
mama
kima
pima
tima
sima
shima
fima
lima
wima
rima
nima
mima
kuma
puma
tuma
suma
shuma
fuma
luma
wuma
ruma
numa
muma
kema
pema
tema
sema
shema
fema
lema
wema
rema
nema
mema
kawa
pawa
tawa
sawa
shawa
fawa
lawa
wawa
rawa
nawa
mawa
kiwa
piwa
tiwa
siwa
shiwa
fiwa
liwa
wiwa
riwa
niwa
miwa
kuwa
puwa
tuwa
suwa
shuwa
fuwa
luwa
wuwa
ruwa
nuwa
muwa
kewa
pewa
tewa
sewa
shewa
fewa
lewa
wewa
rewa
newa
mewa
kapa
papa
tapa
sapa
shapa
fapa
lapa
wapa
rapa
napa
mapa
kipa
pipa
tipa
sipa
shipa
fipa
lipa
wipa
ripa
nipa
mipa
kupa
pupa
tupa
supa
shupa
fupa
lupa
wupa
rupa
nupa
mupa
kepa
pepa
tepa
sepa
shepa
fepa
lepa
wepa
repa
nepa
mepa
kaka
paka
taka
saka
shaka
faka
laka
waka
raka
naka
maka
kika
pika
tika
sika
shika
fika
lika
wika
rika
nika
mika
kuka
puka
tuka
suka
shuka
fuka
luka
wuka
ruka
nuka
muka
keka
peka
teka
seka
sheka
feka
leka
weka
reka
neka
meka
kasa
pasa
tasa
sasa
shasa
fasa
lasa
wasa
rasa
nasa
masa
kisa
pisa
tisa
sisa
shisa
fisa
lisa
wisa
risa
nisa
misa
kusa
pusa
tusa
susa
shusa
fusa
lusa
wusa
rusa
nusa
musa
kesa
pesa
tesa
sesa
shesa
fesa
lesa
wesa
resa
nesa
mesa
kafa
pafa
tafa
safa
shafa
fafa
lafa
wafa
rafa
nafa
mafa
kifa
pifa
tifa
sifa
shifa
fifa
lifa
wifa
rifa
nifa
mifa
kufa
pufa
tufa
sufa
shufa
fufa
lufa
wufa
rufa
nufa
mufa
kefa
pefa
tefa
sefa
shefa
fefa
lefa
wefa
refa
nefa
mefa
katha
patha
tatha
satha
shatha
fatha
latha
watha
ratha
natha
matha
kitha
pitha
titha
sitha
shitha
fitha
litha
witha
ritha
nitha
mitha
kutha
putha
tutha
sutha
shutha
futha
lutha
wutha
rutha
nutha
mutha
ketha
petha
tetha
setha
shetha
fetha
letha
wetha
retha
netha
metha
kasha
pasha
tasha
sasha
shasha
fasha
lasha
washa
rasha
nasha
masha
kisha
pisha
tisha
sisha
shisha
fisha
lisha
wisha
risha
nisha
misha
kusha
pusha
tusha
susha
shusha
fusha
lusha
wusha
rusha
nusha
musha
kesha
pesha
tesha
sesha
shesha
fesha
lesha
wesha
resha
nesha
mesha
