kana
pana
tana
sana
shana
fana
lana
wana
rana
nana
mana
kina
pina
tina
sina
shina
fina
lina
wina
rina
nina
mina
kuna
puna
tuna
suna
shuna
funa
luna
wuna
runa
nuna
muna
kena
pena
tena
sena
shena
fena
lena
wena
rena
nena
mena
kara
para
tara
sara
shara
fara
lara
wara
rara
nara
mara
kira
pira
tira
sira
shira
fira
lira
wira
rira
nira
mira
kura
pura
tura
sura
shura
fura
lura
wura
rura
nura
mura
kera
pera
tera
sera
shera
fera
lera
wera
rera
nera
mera
kata
pata
tata
sata
shata
fata
lata
wata
rata
nata
mata
kita
pita
tita
sita
shita
fita
lita
wita
rita
nita
mita
kuta
puta
tuta
suta
shuta
futa
luta
wuta
ruta
nuta
muta
keta
peta
teta
seta
sheta
feta
leta
weta
reta
neta
meta
kala
pala
tala
sala
shala
fala
lala
wala
rala
nala
mala
kila
pila
tila
sila
shila
fila
lila
wila
rila
nila
mila
kula
pula
tula
sula
shula
fula
lula
wula
rula
nula
mula
kela
pela
tela
sela
shela
fela
lela
wela
rela
nela
mela
kama
pama
tama
sama
shama
fama
lama
wama
rama
nama
mama
kima
pima
tima
sima
shima
fima
lima
wima
rima
nima
mima
kuma
puma
tuma
suma
shuma
fuma
luma
wuma
ruma
numa
muma
kema
pema
tema
sema
shema
fema
lema
wema
rema
nema
mema
kawa
pawa
tawa
sawa
shawa
fawa
lawa
wawa
rawa
nawa
mawa
kiwa
piwa
tiwa
siwa
shiwa
fiwa
liwa
wiwa
riwa
niwa
miwa
kuwa
puwa
tuwa
suwa
shuwa
fuwa
luwa
wuwa
ruwa
nuwa
muwa
kewa
pewa
tewa
sewa
shewa
fewa
lewa
wewa
rewa
newa
mewa
kapa
papa
tapa
sapa
shapa
fapa
lapa
wapa
rapa
napa
mapa
kipa
pipa
tipa
sipa
shipa
fipa
lipa
wipa
ripa
nipa
mipa
kupa
pupa
tupa
supa
shupa
fupa
lupa
wupa
rupa
nupa
mupa
kepa
pepa
tepa
sepa
shepa
fepa
lepa
wepa
repa
nepa
mepa
kaka
paka
taka
saka
shaka
faka
laka
waka
raka
naka
maka
kika
pika
tika
sika
shika
fika
lika
wika
rika
nika
mika
kuka
puka
tuka
suka
shuka
fuka
luka
wuka
ruka
nuka
muka
keka
peka
teka
seka
sheka
feka
leka
weka
reka
neka
meka
kasa
pasa
tasa
sasa
shasa
fasa
lasa
wasa
rasa
nasa
masa
kisa
pisa
tisa
sisa
shisa
fisa
lisa
wisa
risa
nisa
misa
kusa
pusa
tusa
susa
shusa
fusa
lusa
wusa
rusa
nusa
musa
kesa
pesa
tesa
sesa
shesa
fesa
lesa
wesa
resa
nesa
mesa
kafa
pafa
tafa
safa
shafa
fafa
lafa
wafa
rafa
nafa
mafa
kifa
pifa
tifa
sifa
shifa
fifa
lifa
wifa
rifa
nifa
mifa
kufa
pufa
tufa
sufa
shufa
fufa
lufa
wufa
rufa
nufa
mufa
kefa
pefa
tefa
sefa
shefa
fefa
lefa
wefa
refa
nefa
mefa
katha
patha
tatha
satha
shatha
fatha
latha
watha
ratha
natha
matha
kitha
pitha
titha
sitha
shitha
fitha
litha
witha
ritha
nitha
mitha
kutha
putha
tutha
sutha
shutha
futha
lutha
wutha
rutha
nutha
mutha
ketha
petha
tetha
setha
shetha
fetha
letha
wetha
retha
netha
metha
kasha
pasha
tasha
sasha
shasha
fasha
lasha
washa
rasha
nasha
masha
kisha
pisha
tisha
sisha
shisha
fisha
lisha
wisha
risha
nisha
misha
kusha
pusha
tusha
susha
shusha
fusha
lusha
wusha
rusha
nusha
musha
kesha
pesha
tesha
sesha
shesha
fesha
lesha
wesha
resha
nesha
mesha
iskana
ispana
istana
isusana
isushana
isufana
islana
iswana
israna
isnana
ismana
iskina
ispina
istina
isusina
isushina
isufina
islina
iswina
isrina
isnina
ismina
iskuna
ispuna
istuna
isusuna
isushuna
isufuna
isluna
iswuna
isruna
isnuna
ismuna
iskena
ispena
istena
isusena
isushena
isufena
islena
iswena
isrena
isnena
ismena
iskara
ispara
istara
isusara
isushara
isufara
islara
iswara
israra
isnara
ismara
iskira
ispira
istira
isusira
isushira
isufira
islira
iswira
isrira
isnira
ismira
iskura
ispura
istura
isusura
isushura
isufura
islura
iswura
isrura
isnura
ismura
iskera
ispera
istera
isusera
isushera
isufera
islera
iswera
isrera
isnera
ismera
iskata
ispata
istata
isusata
isushata
isufata
islata
iswata
israta
isnata
ismata
iskita
ispita
istita
isusita
isushita
isufita
islita
iswita
isrita
isnita
ismita
iskuta
isputa
istuta
isusuta
isushuta
isufuta
isluta
iswuta
isruta
isnuta
ismuta
isketa
ispeta
isteta
isuseta
isusheta
isufeta
isleta
isweta
isreta
isneta
ismeta
iskala
ispala
istala
isusala
isushala
isufala
islala
iswala
israla
isnala
ismala
iskila
ispila
istila
isusila
isushila
isufila
islila
iswila
isrila
isnila
ismila
iskula
ispula
istula
isusula
isushula
isufula
islula
iswula
isrula
isnula
ismula
iskela
ispela
istela
isusela
isushela
isufela
islela
iswela
isrela
isnela
ismela
iskama
ispama
istama
isusama
isushama
isufama
islama
iswama
israma
isnama
ismama
iskima
ispima
istima
isusima
isushima
isufima
islima
iswima
isrima
isnima
ismima
iskuma
ispuma
istuma
isusuma
isushuma
isufuma
isluma
iswuma
isruma
isnuma
ismuma
iskema
ispema
istema
isusema
isushema
isufema
islema
iswema
isrema
isnema
ismema
iskawa
ispawa
istawa
isusawa
isushawa
isufawa
islawa
iswawa
israwa
isnawa
ismawa
iskiwa
ispiwa
istiwa
isusiwa
isushiwa
isufiwa
isliwa
iswiwa
isriwa
isniwa
ismiwa
iskuwa
ispuwa
istuwa
isusuwa
isushuwa
isufuwa
isluwa
iswuwa
isruwa
isnuwa
ismuwa
iskewa
ispewa
istewa
isusewa
isushewa
isufewa
islewa
iswewa
isrewa
isnewa
ismewa
iskapa
ispapa
istapa
isusapa
isushapa
isufapa
islapa
iswapa
israpa
isnapa
ismapa
iskipa
ispipa
istipa
isusipa
isushipa
isufipa
islipa
iswipa
isripa
isnipa
ismipa
iskupa
ispupa
istupa
isusupa
isushupa
isufupa
islupa
iswupa
isrupa
isnupa
ismupa
iskepa
ispepa
istepa
isusepa
isushepa
isufepa
islepa
iswepa
isrepa
isnepa
ismepa
iskaka
ispaka
istaka
isusaka
isushaka
isufaka
islaka
iswaka
israka
isnaka
ismaka
iskika
ispika
istika
isusika
isushika
isufika
islika
iswika
isrika
isnika
ismika
iskuka
ispuka
istuka
isusuka
isushuka
isufuka
isluka
iswuka
isruka
isnuka
ismuka
iskeka
ispeka
isteka
isuseka
isusheka
isufeka
isleka
isweka
isreka
isneka
ismeka
iskasa
ispasa
istasa
isusasa
isushasa
isufasa
islasa
iswasa
israsa
isnasa
ismasa
iskisa
ispisa
istisa
isusisa
isushisa
isufisa
islisa
iswisa
isrisa
isnisa
ismisa
iskusa
ispusa
istusa
isususa
isushusa
isufusa
islusa
iswusa
isrusa
isnusa
ismusa
iskesa
ispesa
istesa
isusesa
isushesa
isufesa
islesa
iswesa
isresa
isnesa
ismesa
iskafa
ispafa
istafa
isusafa
isushafa
isufafa
islafa
iswafa
israfa
isnafa
ismafa
iskifa
ispifa
istifa
isusifa
isushifa
isufifa
islifa
iswifa
isrifa
isnifa
ismifa
iskufa
ispufa
istufa
isusufa
isushufa
isufufa
islufa
iswufa
isrufa
isnufa
ismufa
iskefa
ispefa
istefa
isusefa
isushefa
isufefa
islefa
iswefa
isrefa
isnefa
ismefa
iskatha
ispatha
istatha
isusatha
isushatha
isufatha
islatha
iswatha
isratha
isnatha
ismatha
iskitha
ispitha
istitha
isusitha
isushitha
isufitha
islitha
iswitha
isritha
isnitha
ismitha
iskutha
isputha
istutha
isusutha
isushutha
isufutha
islutha
iswutha
isrutha
isnutha
ismutha
isketha
ispetha
istetha
isusetha
isushetha
isufetha
isletha
iswetha
isretha
isnetha
ismetha
iskasha
ispasha
istasha
isusasha
isushasha
isufasha
islasha
iswasha
israsha
isnasha
ismasha
iskisha
ispisha
istisha
isusisha
isushisha
isufisha
islisha
iswisha
isrisha
isnisha
ismisha
iskusha
ispusha
istusha
isususha
isushusha
isufusha
islusha
iswusha
isrusha
isnusha
ismusha
iskesha
ispesha
istesha
isusesha
isushesha
isufesha
islesha
iswesha
isresha
isnesha
ismesha
ikkana
ikpana
iktana
ikusana
ikushana
ikufana
iklana
ikwana
ikrana
iknana
ikmana
ikkina
ikpina
iktina
ikusina
ikushina
ikufina
iklina
ikwina
ikrina
iknina
ikmina
ikkuna
ikpuna
iktuna
ikusuna
ikushuna
ikufuna
ikluna
ikwuna
ikruna
iknuna
ikmuna
ikkena
ikpena
iktena
ikusena
ikushena
ikufena
iklena
ikwena
ikrena
iknena
ikmena
ikkara
ikpara
iktara
ikusara
ikushara
ikufara
iklara
ikwara
ikrara
iknara
ikmara
ikkira
ikpira
iktira
ikusira
ikushira
ikufira
iklira
ikwira
ikrira
iknira
ikmira
ikkura
ikpura
iktura
ikusura
ikushura
ikufura
iklura
ikwura
ikrura
iknura
ikmura
ikkera
ikpera
iktera
ikusera
ikushera
ikufera
iklera
ikwera
ikrera
iknera
ikmera
ikkata
ikpata
iktata
ikusata
ikushata
ikufata
iklata
ikwata
ikrata
iknata
ikmata
ikkita
ikpita
iktita
ikusita
ikushita
ikufita
iklita
ikwita
ikrita
iknita
ikmita
ikkuta
ikputa
iktuta
ikusuta
ikushuta
ikufuta
ikluta
ikwuta
ikruta
iknuta
ikmuta
ikketa
ikpeta
ikteta
ikuseta
ikusheta
ikufeta
ikleta
ikweta
ikreta
ikneta
ikmeta
ikkala
ikpala
iktala
ikusala
ikushala
ikufala
iklala
ikwala
ikrala
iknala
ikmala
ikkila
ikpila
iktila
ikusila
ikushila
ikufila
iklila
ikwila
ikrila
iknila
ikmila
ikkula
ikpula
iktula
ikusula
ikushula
ikufula
iklula
ikwula
ikrula
iknula
ikmula
ikkela
ikpela
iktela
ikusela
ikushela
ikufela
iklela
ikwela
ikrela
iknela
ikmela
ikkama
ikpama
iktama
ikusama
ikushama
ikufama
iklama
ikwama
ikrama
iknama
ikmama
ikkima
ikpima
iktima
ikusima
ikushima
ikufima
iklima
ikwima
ikrima
iknima
ikmima
ikkuma
ikpuma
iktuma
ikusuma
ikushuma
ikufuma
ikluma
ikwuma
ikruma
iknuma
ikmuma
ikkema
ikpema
iktema
ikusema
ikushema
ikufema
iklema
ikwema
ikrema
iknema
ikmema
ikkawa
ikpawa
iktawa
ikusawa
ikushawa
ikufawa
iklawa
ikwawa
ikrawa
iknawa
ikmawa
ikkiwa
ikpiwa
iktiwa
ikusiwa
ikushiwa
ikufiwa
ikliwa
ikwiwa
ikriwa
ikniwa
ikmiwa
ikkuwa
ikpuwa
iktuwa
ikusuwa
ikushuwa
ikufuwa
ikluwa
ikwuwa
ikruwa
iknuwa
ikmuwa
ikkewa
ikpewa
iktewa
ikusewa
ikushewa
ikufewa
iklewa
ikwewa
ikrewa
iknewa
ikmewa
ikkapa
ikpapa
iktapa
ikusapa
ikushapa
ikufapa
iklapa
ikwapa
ikrapa
iknapa
ikmapa
ikkipa
ikpipa
iktipa
ikusipa
ikushipa
ikufipa
iklipa
ikwipa
ikripa
iknipa
ikmipa
ikkupa
ikpupa
iktupa
ikusupa
ikushupa
ikufupa
iklupa
ikwupa
ikrupa
iknupa
ikmupa
ikkepa
ikpepa
iktepa
ikusepa
ikushepa
ikufepa
iklepa
ikwepa
ikrepa
iknepa
ikmepa
ikkaka
ikpaka
iktaka
ikusaka
ikushaka
ikufaka
iklaka
ikwaka
ikraka
iknaka
ikmaka
ikkika
ikpika
iktika
ikusika
ikushika
ikufika
iklika
ikwika
ikrika
iknika
ikmika
ikkuka
ikpuka
iktuka
ikusuka
ikushuka
ikufuka
ikluka
ikwuka
ikruka
iknuka
ikmuka
ikkeka
ikpeka
ikteka
ikuseka
ikusheka
ikufeka
ikleka
ikweka
ikreka
ikneka
ikmeka
ikkasa
ikpasa
iktasa
ikusasa
ikushasa
ikufasa
iklasa
ikwasa
ikrasa
iknasa
ikmasa
ikkisa
ikpisa
iktisa
ikusisa
ikushisa
ikufisa
iklisa
ikwisa
ikrisa
iknisa
ikmisa
ikkusa
ikpusa
iktusa
ikususa
ikushusa
ikufusa
iklusa
ikwusa
ikrusa
iknusa
ikmusa
ikkesa
ikpesa
iktesa
ikusesa
ikushesa
ikufesa
iklesa
ikwesa
ikresa
iknesa
ikmesa
ikkafa
ikpafa
iktafa
ikusafa
ikushafa
ikufafa
iklafa
ikwafa
ikrafa
iknafa
ikmafa
ikkifa
ikpifa
iktifa
ikusifa
ikushifa
ikufifa
iklifa
ikwifa
ikrifa
iknifa
ikmifa
ikkufa
ikpufa
iktufa
ikusufa
ikushufa
ikufufa
iklufa
ikwufa
ikrufa
iknufa
ikmufa
ikkefa
ikpefa
iktefa
ikusefa
ikushefa
ikufefa
iklefa
ikwefa
ikrefa
iknefa
ikmefa
ikkatha
ikpatha
iktatha
ikusatha
ikushatha
ikufatha
iklatha
ikwatha
ikratha
iknatha
ikmatha
ikkitha
ikpitha
iktitha
ikusitha
ikushitha
ikufitha
iklitha
ikwitha
ikritha
iknitha
ikmitha
ikkutha
ikputha
iktutha
ikusutha
ikushutha
ikufutha
iklutha
ikwutha
ikrutha
iknutha
ikmutha
ikketha
ikpetha
iktetha
ikusetha
ikushetha
ikufetha
ikletha
ikwetha
ikretha
iknetha
ikmetha
ikkasha
ikpasha
iktasha
ikusasha
ikushasha
ikufasha
iklasha
ikwasha
ikrasha
iknasha
ikmasha
ikkisha
ikpisha
iktisha
ikusisha
ikushisha
ikufisha
iklisha
ikwisha
ikrisha
iknisha
ikmisha
ikkusha
ikpusha
iktusha
ikususha
ikushusha
ikufusha
iklusha
ikwusha
ikrusha
iknusha
ikmusha
ikkesha
ikpesha
iktesha
ikusesha
ikushesha
ikufesha
iklesha
ikwesha
ikresha
iknesha
ikmesha
